生成启动时间为 2016/11/29 12:41:42。
     1>项目“E:\学习\VC文件\vs2010 practice\Thinner\Thinner.vcxproj”在节点 2 上(build 个目标)。
     1>InitializeBuildStatus:
         正在创建“Debug\Thinner.unsuccessfulbuild”，因为已指定“AlwaysCreate”。
       ClCompile:
         G:\VS2010\VC\bin\CL.exe /c /ZI /nologo /W3 /WX- /Od /Oy- /D WIN32 /D _DEBUG /D _CONSOLE /D _UNICODE /D UNICODE /Gm /EHsc /RTC1 /MDd /GS /fp:precise /Zc:wchar_t /Zc:forScope /Fo"Debug\\" /Fd"Debug\vc100.pdb" /Gd /TP /analyze- /errorReport:prompt Thinner.cpp
         Thinner.cpp
       ManifestResourceCompile:
         所有输出均为最新。
       Link:
         G:\VS2010\VC\bin\link.exe /ERRORREPORT:PROMPT /OUT:"E:\学习\VC文件\vs2010 practice\Thinner\Debug\Thinner.exe" /INCREMENTAL /NOLOGO opencv_calib3d244d.lib opencv_contrib244d.lib opencv_core244d.lib opencv_features2d244d.lib opencv_flann244d.lib opencv_gpu244d.lib opencv_highgui244d.lib opencv_imgproc244d.lib opencv_legacy244d.lib opencv_ml244d.lib opencv_objdetect244d.lib opencv_ts244d.lib opencv_video244d.lib kernel32.lib user32.lib gdi32.lib winspool.lib comdlg32.lib advapi32.lib shell32.lib ole32.lib oleaut32.lib uuid.lib odbc32.lib odbccp32.lib /MANIFEST /ManifestFile:"Debug\Thinner.exe.intermediate.manifest" /MANIFESTUAC:"level='asInvoker' uiAccess='false'" /DEBUG /PDB:"E:\学习\VC文件\vs2010 practice\Thinner\Debug\Thinner.pdb" /SUBSYSTEM:CONSOLE /TLBID:1 /DYNAMICBASE /NXCOMPAT /IMPLIB:"E:\学习\VC文件\vs2010 practice\Thinner\Debug\Thinner.lib" /MACHINE:X86 Debug\Thinner.exe.embed.manifest.res
         Debug\Thinner.obj
       Manifest:
         C:\Program Files\Microsoft SDKs\Windows\v7.0A\bin\mt.exe /nologo /verbose /out:"Debug\Thinner.exe.embed.manifest" /manifest Debug\Thinner.exe.intermediate.manifest
         所有输出均为最新。
       LinkEmbedManifest:
         所有输出均为最新。
         Thinner.vcxproj -> E:\学习\VC文件\vs2010 practice\Thinner\Debug\Thinner.exe
       FinalizeBuildStatus:
         正在删除文件“Debug\Thinner.unsuccessfulbuild”。
         正在对“Debug\Thinner.lastbuildstate”执行 Touch 任务。
     1>已完成生成项目“E:\学习\VC文件\vs2010 practice\Thinner\Thinner.vcxproj”(build 个目标)的操作。

生成成功。

已用时间 00:00:02.90
